[0m[[0mdebug[0m] [0mRunning TaskDef(reductions.ParallelCountChangeSuite, org.scalatest.tools.Framework$$anon$1@5c4b2036, false, [SuiteSelector])[0m
[0m[[0mdebug[0m] [0mRunning TaskDef(reductions.LineOfSightSuite, org.scalatest.tools.Framework$$anon$1@5c4b2036, false, [SuiteSelector])[0m
[0m[[0mdebug[0m] [0mRunning TaskDef(reductions.ParallelParenthesesBalancingSuite, org.scalatest.tools.Framework$$anon$1@5c4b2036, false, [SuiteSelector])[0m
[0m[[0minfo[0m] [0m[36mRun completed in 959 milliseconds.[0m[0m
[0m[[0minfo[0m] [0m[36mTotal number of tests run: 17[0m[0m
[0m[[0minfo[0m] [0m[36mSuites: completed 3, aborted 0[0m[0m
[0m[[0minfo[0m] [0m[36mTests: succeeded 16, failed 1, canceled 0, ignored 0, pending 0[0m[0m
[0m[[0minfo[0m] [0m[31m*** 1 TEST FAILED ***[0m[0m
[0m[[0mdebug[0m] [0mPassed tests:[0m
[0m[[0mdebug[0m] [0m	reductions.ParallelCountChangeSuite[0m
[0m[[0mdebug[0m] [0m	reductions.ParallelParenthesesBalancingSuite[0m
[0m[[31merror[0m] [0mFailed tests:[0m
[0m[[31merror[0m] [0m	reductions.LineOfSightSuite[0m
[0m[[31merror[0m] [0m(test:[31mtest[0m) sbt.TestsFailedException: Tests unsuccessful[0m
